Time resolution is 1 ps
========================================
[INFO] odd_lane_tb - LW/SW, signed branch, jump
========================================
[INFO] PASS line format: <test> | <op>, operands, behavior/result
[PASS]  beq_taken | BEQ, rs1=10, rs2=10, pc=00001000, imm=8 -> taken, target=00001008
[PASS]     beq_nt | BEQ, rs1=1, rs2=2 -> not taken
[PASS]  bne_taken | BNE, rs1=3, rs2=4 -> taken, target=00001014
[PASS]  blt_taken | BLT, rs1=ffffffff (signed -1), rs2=1 -> taken
[PASS]  bge_taken | BGE, rs1=1, rs2=ffffffff (signed -1) -> taken
[PASS]     bge_nt | BGE, rs1=1, rs2=5 -> not taken
[PASS]         lw | LW, rs1=00002000, imm=00000004, addr=00002004, mem_be=1111, link=00001004 (rd=x5)
[PASS]      lw_x0 | LW, rd=x0 -> reg_write=0
[PASS]         sw | SW, rs1=00006000, imm=0, wdata=deadbeef, addr=00006000, be=1111
[PASS]        jal | JAL, pc=00001000, imm=00000100 -> target=00001100, link=00001004 (rd=x1)
[PASS]       jalr | JALR, rs1=80000001, imm=00000010 -> target=80000010 (LSB clear), link=00001004
[PASS]    jalr_x0 | JALR, rs1=80000000, imm=4, rd=x0 -> reg_write=0
[PASS]        lui | LUI, imm=00045000 -> wb=00045000 (rd=x5)
[PASS]      auipc | AUIPC, pc=00001000, imm=00001000 -> wb=00002000
[PASS]     lui_x0 | LUI, rd=x0 -> reg_write=0
[PASS] alu_reject | OP (ALU) on odd lane -> no mem/branch/jump/reg_write/wb
[PASS]       idle | valid=0 -> no branch/mem/jump

*** SUMMARY: 17 passed, 0 failed - OK ***
$finish called at time : 33 ns : File "C:/Users/Jin/Documents/Github/RISC-V-Dual-Issue-SIMD-Processor/sim/tb/odd_lane_tb.sv" Line 393
