Time resolution is 1 ps
========================================
[INFO] even_lane_tb - scalar ALU
========================================
[INFO] Golden values explicit per test (run_insn + check_expect)
[PASS] add | ADD x5, rs1=10, rs2=32 -> 42

         reg_write =                  1 (exp: 1)
            rd_out =                  5 (exp: 5)
        alu_result =         0x0000002a (exp: 0x0000002a)
            pc_out =         0x00001000 (exp: 0x00001000)
---------------------------------------
[PASS] sub | SUB x6, rs1=50, rs2=8 -> 42

         reg_write =                  1 (exp: 1)
            rd_out =                  6 (exp: 6)
        alu_result =         0x0000002a (exp: 0x0000002a)
            pc_out =         0x00001004 (exp: 0x00001004)
---------------------------------------
[PASS] and | AND x7

         reg_write =                  1 (exp: 1)
            rd_out =                  7 (exp: 7)
        alu_result =         0x0f00000f (exp: 0x0f00000f)
            pc_out =         0x00001008 (exp: 0x00001008)
---------------------------------------
[PASS] or | OR x8

         reg_write =                  1 (exp: 1)
            rd_out =                  8 (exp: 8)
        alu_result =         0xff0fff0f (exp: 0xff0fff0f)
            pc_out =         0x0000100c (exp: 0x0000100c)
---------------------------------------
[PASS] xor | XOR x9

         reg_write =                  1 (exp: 1)
            rd_out =                  9 (exp: 9)
        alu_result =         0xffffffff (exp: 0xffffffff)
            pc_out =         0x00001010 (exp: 0x00001010)
---------------------------------------
[PASS] sll | SLL x14, shamt=4

         reg_write =                  1 (exp: 1)
            rd_out =                 14 (exp: 14)
        alu_result =         0x00000010 (exp: 0x00000010)
            pc_out =         0x00001014 (exp: 0x00001014)
---------------------------------------
[PASS] srl | SRL x15, shamt=2

         reg_write =                  1 (exp: 1)
            rd_out =                 15 (exp: 15)
        alu_result =         0x00000004 (exp: 0x00000004)
            pc_out =         0x00001018 (exp: 0x00001018)
---------------------------------------
[PASS] sra | SRA x16, shamt=3

         reg_write =                  1 (exp: 1)
            rd_out =                 16 (exp: 16)
        alu_result =         0xf0000001 (exp: 0xf0000001)
            pc_out =         0x0000101c (exp: 0x0000101c)
---------------------------------------
[PASS] slt | SLT x17

         reg_write =                  1 (exp: 1)
            rd_out =                 17 (exp: 17)
        alu_result =         0x00000001 (exp: 0x00000001)
            pc_out =         0x00001020 (exp: 0x00001020)
---------------------------------------
[PASS] add_x0 | ADD x0 -> no reg_write

         reg_write =                  0 (exp: 0)
            rd_out =                  0 (exp: 0)
        alu_result =         0x00000003 (exp: 0x00000003)
            pc_out =         0x00001024 (exp: 0x00001024)
---------------------------------------
[PASS] addi | ADDI x10, +23

         reg_write =                  1 (exp: 1)
            rd_out =                 10 (exp: 10)
        alu_result =         0x0000007b (exp: 0x0000007b)
            pc_out =         0x00001100 (exp: 0x00001100)
---------------------------------------
[PASS] andi | ANDI x11

         reg_write =                  1 (exp: 1)
            rd_out =                 11 (exp: 11)
        alu_result =         0x00000000 (exp: 0x00000000)
            pc_out =         0x00001104 (exp: 0x00001104)
---------------------------------------
[PASS] ori | ORI x12

         reg_write =                  1 (exp: 1)
            rd_out =                 12 (exp: 12)
        alu_result =         0x0000ff0f (exp: 0x0000ff0f)
            pc_out =         0x00001108 (exp: 0x00001108)
---------------------------------------
[PASS] xori | XORI x13

         reg_write =                  1 (exp: 1)
            rd_out =                 13 (exp: 13)
        alu_result =         0xffffffff (exp: 0xffffffff)
            pc_out =         0x0000110c (exp: 0x0000110c)
---------------------------------------
[PASS] slli | SLLI x18, shamt=3

         reg_write =                  1 (exp: 1)
            rd_out =                 18 (exp: 18)
        alu_result =         0x00000008 (exp: 0x00000008)
            pc_out =         0x00001110 (exp: 0x00001110)
---------------------------------------
[PASS] srli | SRLI x19, shamt=4

         reg_write =                  1 (exp: 1)
            rd_out =                 19 (exp: 19)
        alu_result =         0x08000000 (exp: 0x08000000)
            pc_out =         0x00001114 (exp: 0x00001114)
---------------------------------------
[PASS] srai | SRAI x20, imm12=0x404, shamt=4

         reg_write =                  1 (exp: 1)
            rd_out =                 20 (exp: 20)
        alu_result =         0xf8000000 (exp: 0xf8000000)
            pc_out =         0x00001118 (exp: 0x00001118)
---------------------------------------
[PASS] load_reject | LOAD on even lane -> no reg_write

         reg_write =                  0 (exp: 0)
            rd_out =                  3 (exp: 3)
        alu_result =         0x00000000 (exp: 0x00000000)
            pc_out =         0x00002000 (exp: 0x00002000)
---------------------------------------

*** SUMMARY: 18 passed, 0 failed - OK ***
$finish called at time : 36 ns : File "C:/Users/Jin/Documents/Github/RISC-V-Dual-Issue-SIMD-Processor/sim/tb/s3_execute/even_lane_tb.sv" Line 170
